Build started 11/21/2013 9:09:12 AM.
     1>Project "H:\2013-14 project\BarCodeProject\BarCodeProject\BarCodeProject.vcxproj" on node 2 (build target(s)).
     1>InitializeBuildStatus:
         Touching "Debug\BarCodeProject.unsuccessfulbuild".
       ClCompile:
         All outputs are up-to-date.
       Link:
         c:\Program Files (x86)\Microsoft Visual Studio 10.0\VC\bin\link.exe /ERRORREPORT:PROMPT /OUT:"H:\2013-14 project\BarCodeProject\Debug\BarCodeProject.exe" /INCREMENTAL:NO /NOLOGO kernel32.lib user32.lib gdi32.lib winspool.lib comdlg32.lib advapi32.lib shell32.lib ole32.lib oleaut32.lib uuid.lib odbc32.lib odbccp32.lib /MANIFEST /ManifestFile:"Debug\BarCodeProject.exe.intermediate.manifest" /MANIFESTUAC:"level='asInvoker' uiAccess='false'" /DEBUG /PDB:"H:\2013-14 project\BarCodeProject\Debug\BarCodeProject.pdb" /SUBSYSTEM:CONSOLE /TLBID:1 /DYNAMICBASE /NXCOMPAT /IMPLIB:"H:\2013-14 project\BarCodeProject\Debug\BarCodeProject.lib" /MACHINE:X86 Debug\1.obj
         Debug\BarcodeProject.obj
     1>1.obj : warning LNK4075: ignoring '/EDITANDCONTINUE' due to '/INCREMENTAL:NO' specification
     1>BarcodeProject.obj : error LNK2005: _main already defined in 1.obj
     1>BarcodeProject.obj : error LNK2005: "class std::basic_string<char,struct std::char_traits<char>,class std::allocator<char> > __cdecl timeStamp(void)" (?timeStamp@@YA?AV?$basic_string@DU?$char_traits@D@std@@V?$allocator@D@2@@std@@XZ) already defined in 1.obj
     1>H:\2013-14 project\BarCodeProject\Debug\BarCodeProject.exe : fatal error LNK1169: one or more multiply defined symbols found
     1>Done Building Project "H:\2013-14 project\BarCodeProject\BarCodeProject\BarCodeProject.vcxproj" (build target(s)) -- FAILED.

Build FAILED.

Time Elapsed 00:00:03.41
